<?xml version="1.0" encoding="UTF-8"?>
<testng-results ignored="0" total="1" passed="1" failed="0" skipped="0">
  <reporter-output>
  </reporter-output>
  <suite started-at="2020-05-20T19:19:27 PDT" name="Default suite" finished-at="2020-05-20T19:19:29 PDT" duration-ms="1858">
    <groups>
    </groups>
    <test started-at="2020-05-20T19:19:27 PDT" name="Default test" finished-at="2020-05-20T19:19:29 PDT" duration-ms="1858">
      <class name="RESTAPI.SumValidation">
        <test-method signature="sumOfCourses()[pri:0, instance:RESTAPI.SumValidation@50b472aa]" started-at="2020-05-20T19:19:27 PDT" name="sumOfCourses" finished-at="2020-05-20T19:19:29 PDT" duration-ms="1787" status="PASS">
          <reporter-output>
          </reporter-output>
        </test-method> <!-- sumOfCourses -->
      </class> <!-- RESTAPI.SumValidation -->
    </test> <!-- Default test -->
  </suite> <!-- Default suite -->
</testng-results>
